The system is: Darwin - 17.7.0 - x86_64
Compiling the C compiler identification source file "CMakeCCompilerId.c" succeeded.
Compiler: /Library/Developer/CommandLineTools/usr/bin/clang 
Build flags: 
Id flags:  

The output was:
0


Compilation of the C compiler identification source "CMakeCCompilerId.c" produced "a.out"

The C compiler identification is AppleClang, found in "/Users/rokzitko/common/delo/ljubljana/cmake/NRGLjubljana/build/CMakeFiles/3.15.4/CompilerIdC/a.out"

Compiling the CXX compiler identification source file "CMakeCXXCompilerId.cpp" succeeded.
Compiler: /Library/Developer/CommandLineTools/usr/bin/clang++ 
Build flags: 
Id flags:  

The output was:
0


Compilation of the CXX compiler identification source "CMakeCXXCompilerId.cpp" produced "a.out"

The CXX compiler identification is AppleClang, found in "/Users/rokzitko/common/delo/ljubljana/cmake/NRGLjubljana/build/CMakeFiles/3.15.4/CompilerIdCXX/a.out"

Determining if the C compiler works passed with the following output:
Change Dir: /Users/rokzitko/common/delo/ljubljana/cmake/NRGLjubljana/build/CMakeFiles/CMakeTmp

Run Build Command(s):/usr/bin/make cmTC_10a2f/fast && /Library/Developer/CommandLineTools/usr/bin/make -f CMakeFiles/cmTC_10a2f.dir/build.make CMakeFiles/cmTC_10a2f.dir/build
Building C object CMakeFiles/cmTC_10a2f.dir/testCCompiler.c.o
/Library/Developer/CommandLineTools/usr/bin/clang    -o CMakeFiles/cmTC_10a2f.dir/testCCompiler.c.o   -c /Users/rokzitko/common/delo/ljubljana/cmake/NRGLjubljana/build/CMakeFiles/CMakeTmp/testCCompiler.c
Linking C executable cmTC_10a2f
/usr/local/Cellar/cmake/3.15.4/bin/cmake -E cmake_link_script CMakeFiles/cmTC_10a2f.dir/link.txt --verbose=1
/Library/Developer/CommandLineTools/usr/bin/clang   -Wl,-search_paths_first -Wl,-headerpad_max_install_names   CMakeFiles/cmTC_10a2f.dir/testCCompiler.c.o  -o cmTC_10a2f 



Detecting C compiler ABI info compiled with the following output:
Change Dir: /Users/rokzitko/common/delo/ljubljana/cmake/NRGLjubljana/build/CMakeFiles/CMakeTmp

Run Build Command(s):/usr/bin/make cmTC_3d9bf/fast && /Library/Developer/CommandLineTools/usr/bin/make -f CMakeFiles/cmTC_3d9bf.dir/build.make CMakeFiles/cmTC_3d9bf.dir/build
Building C object CMakeFiles/cmTC_3d9bf.dir/CMakeCCompilerABI.c.o
/Library/Developer/CommandLineTools/usr/bin/clang   -v -Wl,-v -o CMakeFiles/cmTC_3d9bf.dir/CMakeCCompilerABI.c.o   -c /usr/local/Cellar/cmake/3.15.4/share/cmake/Modules/CMakeCCompilerABI.c
Apple LLVM version 10.0.0 (clang-1000.10.44.4)
Target: x86_64-apple-darwin17.7.0
Thread model: posix
InstalledDir: /Library/Developer/CommandLineTools/usr/bin
clang: warning: -Wl,-v: 'linker' input unused [-Wunused-command-line-argument]
 "/Library/Developer/CommandLineTools/usr/bin/clang" -cc1 -triple x86_64-apple-macosx10.13.0 -Wdeprecated-objc-isa-usage -Werror=deprecated-objc-isa-usage -emit-obj -mrelax-all -disable-free -disable-llvm-verifier -discard-value-names -main-file-name CMakeCCompilerABI.c -mrelocation-model pic -pic-level 2 -mthread-model posix -mdisable-fp-elim -fno-strict-return -masm-verbose -munwind-tables -target-cpu penryn -dwarf-column-info -debugger-tuning=lldb -target-linker-version 409.12 -v -coverage-notes-file /Users/rokzitko/common/delo/ljubljana/cmake/NRGLjubljana/build/CMakeFiles/CMakeTmp/CMakeFiles/cmTC_3d9bf.dir/CMakeCCompilerABI.c.gcno -resource-dir /Library/Developer/CommandLineTools/usr/lib/clang/10.0.0 -fdebug-compilation-dir /Users/rokzitko/common/delo/ljubljana/cmake/NRGLjubljana/build/CMakeFiles/CMakeTmp -ferror-limit 19 -fmessage-length 0 -stack-protector 1 -fblocks -fencode-extended-block-signature -fobjc-runtime=macosx-10.13.0 -fmax-type-align=16 -fdiagnostics-show-option -o CMakeFiles/cmTC_3d9bf.dir/CMakeCCompilerABI.c.o -x c /usr/local/Cellar/cmake/3.15.4/share/cmake/Modules/CMakeCCompilerABI.c
clang -cc1 version 10.0.0 (clang-1000.10.44.4) default target x86_64-apple-darwin17.7.0
#include "..." search starts here:
#include <...> search starts here:
 /usr/local/include
 /Library/Developer/CommandLineTools/usr/lib/clang/10.0.0/include
 /Library/Developer/CommandLineTools/usr/include
 /usr/include
 /System/Library/Frameworks (framework directory)
 /Library/Frameworks (framework directory)
End of search list.
Linking C executable cmTC_3d9bf
/usr/local/Cellar/cmake/3.15.4/bin/cmake -E cmake_link_script CMakeFiles/cmTC_3d9bf.dir/link.txt --verbose=1
/Library/Developer/CommandLineTools/usr/bin/clang   -Wl,-search_paths_first -Wl,-headerpad_max_install_names  -v -Wl,-v CMakeFiles/cmTC_3d9bf.dir/CMakeCCompilerABI.c.o  -o cmTC_3d9bf 
Apple LLVM version 10.0.0 (clang-1000.10.44.4)
Target: x86_64-apple-darwin17.7.0
Thread model: posix
InstalledDir: /Library/Developer/CommandLineTools/usr/bin
 "/Library/Developer/CommandLineTools/usr/bin/ld" -demangle -lto_library /Library/Developer/CommandLineTools/usr/lib/libLTO.dylib -dynamic -arch x86_64 -macosx_version_min 10.13.0 -o cmTC_3d9bf -search_paths_first -headerpad_max_install_names -v CMakeFiles/cmTC_3d9bf.dir/CMakeCCompilerABI.c.o -lSystem /Library/Developer/CommandLineTools/usr/lib/clang/10.0.0/lib/darwin/libclang_rt.osx.a
@(#)PROGRAM:ld  PROJECT:ld64-409.12
BUILD 17:47:51 Sep 25 2018
configured to support archs: armv6 armv7 armv7s arm64 i386 x86_64 x86_64h armv6m armv7k armv7m armv7em
Library search paths:
	/usr/lib
	/usr/local/lib
Framework search paths:
	/Library/Frameworks/
	/System/Library/Frameworks/



Parsed C implicit include dir info from above output: rv=done
  found start of include info
  found start of implicit include info
    add: [/usr/local/include]
    add: [/Library/Developer/CommandLineTools/usr/lib/clang/10.0.0/include]
    add: [/Library/Developer/CommandLineTools/usr/include]
    add: [/usr/include]
  end of search list found
  collapse include dir [/usr/local/include] ==> [/usr/local/include]
  collapse include dir [/Library/Developer/CommandLineTools/usr/lib/clang/10.0.0/include] ==> [/Library/Developer/CommandLineTools/usr/lib/clang/10.0.0/include]
  collapse include dir [/Library/Developer/CommandLineTools/usr/include] ==> [/Library/Developer/CommandLineTools/usr/include]
  collapse include dir [/usr/include] ==> [/usr/include]
  implicit include dirs: [/usr/local/include;/Library/Developer/CommandLineTools/usr/lib/clang/10.0.0/include;/Library/Developer/CommandLineTools/usr/include;/usr/include]


Parsed C implicit link information from above output:
  link line regex: [^( *|.*[/\])(ld|CMAKE_LINK_STARTFILE-NOTFOUND|([^/\]+-)?ld|collect2)[^/\]*( |$)]
  ignore line: [Change Dir: /Users/rokzitko/common/delo/ljubljana/cmake/NRGLjubljana/build/CMakeFiles/CMakeTmp]
  ignore line: []
  ignore line: [Run Build Command(s):/usr/bin/make cmTC_3d9bf/fast && /Library/Developer/CommandLineTools/usr/bin/make -f CMakeFiles/cmTC_3d9bf.dir/build.make CMakeFiles/cmTC_3d9bf.dir/build]
  ignore line: [Building C object CMakeFiles/cmTC_3d9bf.dir/CMakeCCompilerABI.c.o]
  ignore line: [/Library/Developer/CommandLineTools/usr/bin/clang   -v -Wl,-v -o CMakeFiles/cmTC_3d9bf.dir/CMakeCCompilerABI.c.o   -c /usr/local/Cellar/cmake/3.15.4/share/cmake/Modules/CMakeCCompilerABI.c]
  ignore line: [Apple LLVM version 10.0.0 (clang-1000.10.44.4)]
  ignore line: [Target: x86_64-apple-darwin17.7.0]
  ignore line: [Thread model: posix]
  ignore line: [InstalledDir: /Library/Developer/CommandLineTools/usr/bin]
  ignore line: [clang: warning: -Wl,-v: 'linker' input unused [-Wunused-command-line-argument]]
  ignore line: [ "/Library/Developer/CommandLineTools/usr/bin/clang" -cc1 -triple x86_64-apple-macosx10.13.0 -Wdeprecated-objc-isa-usage -Werror=deprecated-objc-isa-usage -emit-obj -mrelax-all -disable-free -disable-llvm-verifier -discard-value-names -main-file-name CMakeCCompilerABI.c -mrelocation-model pic -pic-level 2 -mthread-model posix -mdisable-fp-elim -fno-strict-return -masm-verbose -munwind-tables -target-cpu penryn -dwarf-column-info -debugger-tuning=lldb -target-linker-version 409.12 -v -coverage-notes-file /Users/rokzitko/common/delo/ljubljana/cmake/NRGLjubljana/build/CMakeFiles/CMakeTmp/CMakeFiles/cmTC_3d9bf.dir/CMakeCCompilerABI.c.gcno -resource-dir /Library/Developer/CommandLineTools/usr/lib/clang/10.0.0 -fdebug-compilation-dir /Users/rokzitko/common/delo/ljubljana/cmake/NRGLjubljana/build/CMakeFiles/CMakeTmp -ferror-limit 19 -fmessage-length 0 -stack-protector 1 -fblocks -fencode-extended-block-signature -fobjc-runtime=macosx-10.13.0 -fmax-type-align=16 -fdiagnostics-show-option -o CMakeFiles/cmTC_3d9bf.dir/CMakeCCompilerABI.c.o -x c /usr/local/Cellar/cmake/3.15.4/share/cmake/Modules/CMakeCCompilerABI.c]
  ignore line: [clang -cc1 version 10.0.0 (clang-1000.10.44.4) default target x86_64-apple-darwin17.7.0]
  ignore line: [#include "..." search starts here:]
  ignore line: [#include <...> search starts here:]
  ignore line: [ /usr/local/include]
  ignore line: [ /Library/Developer/CommandLineTools/usr/lib/clang/10.0.0/include]
  ignore line: [ /Library/Developer/CommandLineTools/usr/include]
  ignore line: [ /usr/include]
  ignore line: [ /System/Library/Frameworks (framework directory)]
  ignore line: [ /Library/Frameworks (framework directory)]
  ignore line: [End of search list.]
  ignore line: [Linking C executable cmTC_3d9bf]
  ignore line: [/usr/local/Cellar/cmake/3.15.4/bin/cmake -E cmake_link_script CMakeFiles/cmTC_3d9bf.dir/link.txt --verbose=1]
  ignore line: [/Library/Developer/CommandLineTools/usr/bin/clang   -Wl,-search_paths_first -Wl,-headerpad_max_install_names  -v -Wl,-v CMakeFiles/cmTC_3d9bf.dir/CMakeCCompilerABI.c.o  -o cmTC_3d9bf ]
  ignore line: [Apple LLVM version 10.0.0 (clang-1000.10.44.4)]
  ignore line: [Target: x86_64-apple-darwin17.7.0]
  ignore line: [Thread model: posix]
  ignore line: [InstalledDir: /Library/Developer/CommandLineTools/usr/bin]
  link line: [ "/Library/Developer/CommandLineTools/usr/bin/ld" -demangle -lto_library /Library/Developer/CommandLineTools/usr/lib/libLTO.dylib -dynamic -arch x86_64 -macosx_version_min 10.13.0 -o cmTC_3d9bf -search_paths_first -headerpad_max_install_names -v CMakeFiles/cmTC_3d9bf.dir/CMakeCCompilerABI.c.o -lSystem /Library/Developer/CommandLineTools/usr/lib/clang/10.0.0/lib/darwin/libclang_rt.osx.a]
    arg [/Library/Developer/CommandLineTools/usr/bin/ld] ==> ignore
    arg [-demangle] ==> ignore
    arg [-lto_library] ==> ignore, skip following value
    arg [/Library/Developer/CommandLineTools/usr/lib/libLTO.dylib] ==> skip value of -lto_library
    arg [-dynamic] ==> ignore
    arg [-arch] ==> ignore
    arg [x86_64] ==> ignore
    arg [-macosx_version_min] ==> ignore
    arg [10.13.0] ==> ignore
    arg [-o] ==> ignore
    arg [cmTC_3d9bf] ==> ignore
    arg [-search_paths_first] ==> ignore
    arg [-headerpad_max_install_names] ==> ignore
    arg [-v] ==> ignore
    arg [CMakeFiles/cmTC_3d9bf.dir/CMakeCCompilerABI.c.o] ==> ignore
    arg [-lSystem] ==> lib [System]
    arg [/Library/Developer/CommandLineTools/usr/lib/clang/10.0.0/lib/darwin/libclang_rt.osx.a] ==> lib [/Library/Developer/CommandLineTools/usr/lib/clang/10.0.0/lib/darwin/libclang_rt.osx.a]
  Library search paths: [;/usr/lib;/usr/local/lib]
  Framework search paths: [;/Library/Frameworks/;/System/Library/Frameworks/]
  remove lib [System]
  remove lib [/Library/Developer/CommandLineTools/usr/lib/clang/10.0.0/lib/darwin/libclang_rt.osx.a]
  collapse library dir [/usr/lib] ==> [/usr/lib]
  collapse library dir [/usr/local/lib] ==> [/usr/local/lib]
  collapse framework dir [/Library/Frameworks/] ==> [/Library/Frameworks]
  collapse framework dir [/System/Library/Frameworks/] ==> [/System/Library/Frameworks]
  implicit libs: []
  implicit dirs: [/usr/lib;/usr/local/lib]
  implicit fwks: [/Library/Frameworks;/System/Library/Frameworks]


Determining if the CXX compiler works passed with the following output:
Change Dir: /Users/rokzitko/common/delo/ljubljana/cmake/NRGLjubljana/build/CMakeFiles/CMakeTmp

Run Build Command(s):/usr/bin/make cmTC_f7858/fast && /Library/Developer/CommandLineTools/usr/bin/make -f CMakeFiles/cmTC_f7858.dir/build.make CMakeFiles/cmTC_f7858.dir/build
Building CXX object CMakeFiles/cmTC_f7858.dir/testCXXCompiler.cxx.o
/Library/Developer/CommandLineTools/usr/bin/clang++     -o CMakeFiles/cmTC_f7858.dir/testCXXCompiler.cxx.o -c /Users/rokzitko/common/delo/ljubljana/cmake/NRGLjubljana/build/CMakeFiles/CMakeTmp/testCXXCompiler.cxx
Linking CXX executable cmTC_f7858
/usr/local/Cellar/cmake/3.15.4/bin/cmake -E cmake_link_script CMakeFiles/cmTC_f7858.dir/link.txt --verbose=1
/Library/Developer/CommandLineTools/usr/bin/clang++    -Wl,-search_paths_first -Wl,-headerpad_max_install_names   CMakeFiles/cmTC_f7858.dir/testCXXCompiler.cxx.o  -o cmTC_f7858 



Detecting CXX compiler ABI info compiled with the following output:
Change Dir: /Users/rokzitko/common/delo/ljubljana/cmake/NRGLjubljana/build/CMakeFiles/CMakeTmp

Run Build Command(s):/usr/bin/make cmTC_8ad50/fast && /Library/Developer/CommandLineTools/usr/bin/make -f CMakeFiles/cmTC_8ad50.dir/build.make CMakeFiles/cmTC_8ad50.dir/build
Building CXX object CMakeFiles/cmTC_8ad50.dir/CMakeCXXCompilerABI.cpp.o
/Library/Developer/CommandLineTools/usr/bin/clang++    -v -Wl,-v -o CMakeFiles/cmTC_8ad50.dir/CMakeCXXCompilerABI.cpp.o -c /usr/local/Cellar/cmake/3.15.4/share/cmake/Modules/CMakeCXXCompilerABI.cpp
Apple LLVM version 10.0.0 (clang-1000.10.44.4)
Target: x86_64-apple-darwin17.7.0
Thread model: posix
InstalledDir: /Library/Developer/CommandLineTools/usr/bin
clang: warning: -Wl,-v: 'linker' input unused [-Wunused-command-line-argument]
 "/Library/Developer/CommandLineTools/usr/bin/clang" -cc1 -triple x86_64-apple-macosx10.13.0 -Wdeprecated-objc-isa-usage -Werror=deprecated-objc-isa-usage -emit-obj -mrelax-all -disable-free -disable-llvm-verifier -discard-value-names -main-file-name CMakeCXXCompilerABI.cpp -mrelocation-model pic -pic-level 2 -mthread-model posix -mdisable-fp-elim -fno-strict-return -masm-verbose -munwind-tables -target-cpu penryn -dwarf-column-info -debugger-tuning=lldb -target-linker-version 409.12 -v -coverage-notes-file /Users/rokzitko/common/delo/ljubljana/cmake/NRGLjubljana/build/CMakeFiles/CMakeTmp/CMakeFiles/cmTC_8ad50.dir/CMakeCXXCompilerABI.cpp.gcno -resource-dir /Library/Developer/CommandLineTools/usr/lib/clang/10.0.0 -stdlib=libc++ -fdeprecated-macro -fdebug-compilation-dir /Users/rokzitko/common/delo/ljubljana/cmake/NRGLjubljana/build/CMakeFiles/CMakeTmp -ferror-limit 19 -fmessage-length 0 -stack-protector 1 -fblocks -fencode-extended-block-signature -fobjc-runtime=macosx-10.13.0 -fcxx-exceptions -fexceptions -fmax-type-align=16 -fdiagnostics-show-option -o CMakeFiles/cmTC_8ad50.dir/CMakeCXXCompilerABI.cpp.o -x c++ /usr/local/Cellar/cmake/3.15.4/share/cmake/Modules/CMakeCXXCompilerABI.cpp
clang -cc1 version 10.0.0 (clang-1000.10.44.4) default target x86_64-apple-darwin17.7.0
ignoring nonexistent directory "/usr/include/c++/v1"
#include "..." search starts here:
#include <...> search starts here:
 /Library/Developer/CommandLineTools/usr/include/c++/v1
 /usr/local/include
 /Library/Developer/CommandLineTools/usr/lib/clang/10.0.0/include
 /Library/Developer/CommandLineTools/usr/include
 /usr/include
 /System/Library/Frameworks (framework directory)
 /Library/Frameworks (framework directory)
End of search list.
Linking CXX executable cmTC_8ad50
/usr/local/Cellar/cmake/3.15.4/bin/cmake -E cmake_link_script CMakeFiles/cmTC_8ad50.dir/link.txt --verbose=1
/Library/Developer/CommandLineTools/usr/bin/clang++    -Wl,-search_paths_first -Wl,-headerpad_max_install_names  -v -Wl,-v CMakeFiles/cmTC_8ad50.dir/CMakeCXXCompilerABI.cpp.o  -o cmTC_8ad50 
Apple LLVM version 10.0.0 (clang-1000.10.44.4)
Target: x86_64-apple-darwin17.7.0
Thread model: posix
InstalledDir: /Library/Developer/CommandLineTools/usr/bin
 "/Library/Developer/CommandLineTools/usr/bin/ld" -demangle -lto_library /Library/Developer/CommandLineTools/usr/lib/libLTO.dylib -dynamic -arch x86_64 -macosx_version_min 10.13.0 -o cmTC_8ad50 -search_paths_first -headerpad_max_install_names -v CMakeFiles/cmTC_8ad50.dir/CMakeCXXCompilerABI.cpp.o -lc++ -lSystem /Library/Developer/CommandLineTools/usr/lib/clang/10.0.0/lib/darwin/libclang_rt.osx.a
@(#)PROGRAM:ld  PROJECT:ld64-409.12
BUILD 17:47:51 Sep 25 2018
configured to support archs: armv6 armv7 armv7s arm64 i386 x86_64 x86_64h armv6m armv7k armv7m armv7em
Library search paths:
	/usr/lib
	/usr/local/lib
Framework search paths:
	/Library/Frameworks/
	/System/Library/Frameworks/



Parsed CXX implicit include dir info from above output: rv=done
  found start of include info
  found start of implicit include info
    add: [/Library/Developer/CommandLineTools/usr/include/c++/v1]
    add: [/usr/local/include]
    add: [/Library/Developer/CommandLineTools/usr/lib/clang/10.0.0/include]
    add: [/Library/Developer/CommandLineTools/usr/include]
    add: [/usr/include]
  end of search list found
  collapse include dir [/Library/Developer/CommandLineTools/usr/include/c++/v1] ==> [/Library/Developer/CommandLineTools/usr/include/c++/v1]
  collapse include dir [/usr/local/include] ==> [/usr/local/include]
  collapse include dir [/Library/Developer/CommandLineTools/usr/lib/clang/10.0.0/include] ==> [/Library/Developer/CommandLineTools/usr/lib/clang/10.0.0/include]
  collapse include dir [/Library/Developer/CommandLineTools/usr/include] ==> [/Library/Developer/CommandLineTools/usr/include]
  collapse include dir [/usr/include] ==> [/usr/include]
  implicit include dirs: [/Library/Developer/CommandLineTools/usr/include/c++/v1;/usr/local/include;/Library/Developer/CommandLineTools/usr/lib/clang/10.0.0/include;/Library/Developer/CommandLineTools/usr/include;/usr/include]


Parsed CXX implicit link information from above output:
  link line regex: [^( *|.*[/\])(ld|CMAKE_LINK_STARTFILE-NOTFOUND|([^/\]+-)?ld|collect2)[^/\]*( |$)]
  ignore line: [Change Dir: /Users/rokzitko/common/delo/ljubljana/cmake/NRGLjubljana/build/CMakeFiles/CMakeTmp]
  ignore line: []
  ignore line: [Run Build Command(s):/usr/bin/make cmTC_8ad50/fast && /Library/Developer/CommandLineTools/usr/bin/make -f CMakeFiles/cmTC_8ad50.dir/build.make CMakeFiles/cmTC_8ad50.dir/build]
  ignore line: [Building CXX object CMakeFiles/cmTC_8ad50.dir/CMakeCXXCompilerABI.cpp.o]
  ignore line: [/Library/Developer/CommandLineTools/usr/bin/clang++    -v -Wl,-v -o CMakeFiles/cmTC_8ad50.dir/CMakeCXXCompilerABI.cpp.o -c /usr/local/Cellar/cmake/3.15.4/share/cmake/Modules/CMakeCXXCompilerABI.cpp]
  ignore line: [Apple LLVM version 10.0.0 (clang-1000.10.44.4)]
  ignore line: [Target: x86_64-apple-darwin17.7.0]
  ignore line: [Thread model: posix]
  ignore line: [InstalledDir: /Library/Developer/CommandLineTools/usr/bin]
  ignore line: [clang: warning: -Wl,-v: 'linker' input unused [-Wunused-command-line-argument]]
  ignore line: [ "/Library/Developer/CommandLineTools/usr/bin/clang" -cc1 -triple x86_64-apple-macosx10.13.0 -Wdeprecated-objc-isa-usage -Werror=deprecated-objc-isa-usage -emit-obj -mrelax-all -disable-free -disable-llvm-verifier -discard-value-names -main-file-name CMakeCXXCompilerABI.cpp -mrelocation-model pic -pic-level 2 -mthread-model posix -mdisable-fp-elim -fno-strict-return -masm-verbose -munwind-tables -target-cpu penryn -dwarf-column-info -debugger-tuning=lldb -target-linker-version 409.12 -v -coverage-notes-file /Users/rokzitko/common/delo/ljubljana/cmake/NRGLjubljana/build/CMakeFiles/CMakeTmp/CMakeFiles/cmTC_8ad50.dir/CMakeCXXCompilerABI.cpp.gcno -resource-dir /Library/Developer/CommandLineTools/usr/lib/clang/10.0.0 -stdlib=libc++ -fdeprecated-macro -fdebug-compilation-dir /Users/rokzitko/common/delo/ljubljana/cmake/NRGLjubljana/build/CMakeFiles/CMakeTmp -ferror-limit 19 -fmessage-length 0 -stack-protector 1 -fblocks -fencode-extended-block-signature -fobjc-runtime=macosx-10.13.0 -fcxx-exceptions -fexceptions -fmax-type-align=16 -fdiagnostics-show-option -o CMakeFiles/cmTC_8ad50.dir/CMakeCXXCompilerABI.cpp.o -x c++ /usr/local/Cellar/cmake/3.15.4/share/cmake/Modules/CMakeCXXCompilerABI.cpp]
  ignore line: [clang -cc1 version 10.0.0 (clang-1000.10.44.4) default target x86_64-apple-darwin17.7.0]
  ignore line: [ignoring nonexistent directory "/usr/include/c++/v1"]
  ignore line: [#include "..." search starts here:]
  ignore line: [#include <...> search starts here:]
  ignore line: [ /Library/Developer/CommandLineTools/usr/include/c++/v1]
  ignore line: [ /usr/local/include]
  ignore line: [ /Library/Developer/CommandLineTools/usr/lib/clang/10.0.0/include]
  ignore line: [ /Library/Developer/CommandLineTools/usr/include]
  ignore line: [ /usr/include]
  ignore line: [ /System/Library/Frameworks (framework directory)]
  ignore line: [ /Library/Frameworks (framework directory)]
  ignore line: [End of search list.]
  ignore line: [Linking CXX executable cmTC_8ad50]
  ignore line: [/usr/local/Cellar/cmake/3.15.4/bin/cmake -E cmake_link_script CMakeFiles/cmTC_8ad50.dir/link.txt --verbose=1]
  ignore line: [/Library/Developer/CommandLineTools/usr/bin/clang++    -Wl,-search_paths_first -Wl,-headerpad_max_install_names  -v -Wl,-v CMakeFiles/cmTC_8ad50.dir/CMakeCXXCompilerABI.cpp.o  -o cmTC_8ad50 ]
  ignore line: [Apple LLVM version 10.0.0 (clang-1000.10.44.4)]
  ignore line: [Target: x86_64-apple-darwin17.7.0]
  ignore line: [Thread model: posix]
  ignore line: [InstalledDir: /Library/Developer/CommandLineTools/usr/bin]
  link line: [ "/Library/Developer/CommandLineTools/usr/bin/ld" -demangle -lto_library /Library/Developer/CommandLineTools/usr/lib/libLTO.dylib -dynamic -arch x86_64 -macosx_version_min 10.13.0 -o cmTC_8ad50 -search_paths_first -headerpad_max_install_names -v CMakeFiles/cmTC_8ad50.dir/CMakeCXXCompilerABI.cpp.o -lc++ -lSystem /Library/Developer/CommandLineTools/usr/lib/clang/10.0.0/lib/darwin/libclang_rt.osx.a]
    arg [/Library/Developer/CommandLineTools/usr/bin/ld] ==> ignore
    arg [-demangle] ==> ignore
    arg [-lto_library] ==> ignore, skip following value
    arg [/Library/Developer/CommandLineTools/usr/lib/libLTO.dylib] ==> skip value of -lto_library
    arg [-dynamic] ==> ignore
    arg [-arch] ==> ignore
    arg [x86_64] ==> ignore
    arg [-macosx_version_min] ==> ignore
    arg [10.13.0] ==> ignore
    arg [-o] ==> ignore
    arg [cmTC_8ad50] ==> ignore
    arg [-search_paths_first] ==> ignore
    arg [-headerpad_max_install_names] ==> ignore
    arg [-v] ==> ignore
    arg [CMakeFiles/cmTC_8ad50.dir/CMakeCXXCompilerABI.cpp.o] ==> ignore
    arg [-lc++] ==> lib [c++]
    arg [-lSystem] ==> lib [System]
    arg [/Library/Developer/CommandLineTools/usr/lib/clang/10.0.0/lib/darwin/libclang_rt.osx.a] ==> lib [/Library/Developer/CommandLineTools/usr/lib/clang/10.0.0/lib/darwin/libclang_rt.osx.a]
  Library search paths: [;/usr/lib;/usr/local/lib]
  Framework search paths: [;/Library/Frameworks/;/System/Library/Frameworks/]
  remove lib [System]
  remove lib [/Library/Developer/CommandLineTools/usr/lib/clang/10.0.0/lib/darwin/libclang_rt.osx.a]
  collapse library dir [/usr/lib] ==> [/usr/lib]
  collapse library dir [/usr/local/lib] ==> [/usr/local/lib]
  collapse framework dir [/Library/Frameworks/] ==> [/Library/Frameworks]
  collapse framework dir [/System/Library/Frameworks/] ==> [/System/Library/Frameworks]
  implicit libs: [c++]
  implicit dirs: [/usr/lib;/usr/local/lib]
  implicit fwks: [/Library/Frameworks;/System/Library/Frameworks]


Determining if the include file pthread.h exists passed with the following output:
Change Dir: /Users/rokzitko/common/delo/ljubljana/cmake/NRGLjubljana/build/CMakeFiles/CMakeTmp

Run Build Command(s):/usr/bin/make cmTC_459f1/fast && /Library/Developer/CommandLineTools/usr/bin/make -f CMakeFiles/cmTC_459f1.dir/build.make CMakeFiles/cmTC_459f1.dir/build
Building C object CMakeFiles/cmTC_459f1.dir/CheckIncludeFile.c.o
/Library/Developer/CommandLineTools/usr/bin/clang    -o CMakeFiles/cmTC_459f1.dir/CheckIncludeFile.c.o   -c /Users/rokzitko/common/delo/ljubljana/cmake/NRGLjubljana/build/CMakeFiles/CMakeTmp/CheckIncludeFile.c
Linking C executable cmTC_459f1
/usr/local/Cellar/cmake/3.15.4/bin/cmake -E cmake_link_script CMakeFiles/cmTC_459f1.dir/link.txt --verbose=1
/Library/Developer/CommandLineTools/usr/bin/clang   -Wl,-search_paths_first -Wl,-headerpad_max_install_names   CMakeFiles/cmTC_459f1.dir/CheckIncludeFile.c.o  -o cmTC_459f1 



Performing C SOURCE FILE Test CMAKE_HAVE_LIBC_PTHREAD succeeded with the following output:
Change Dir: /Users/rokzitko/common/delo/ljubljana/cmake/NRGLjubljana/build/CMakeFiles/CMakeTmp

Run Build Command(s):/usr/bin/make cmTC_42f88/fast && /Library/Developer/CommandLineTools/usr/bin/make -f CMakeFiles/cmTC_42f88.dir/build.make CMakeFiles/cmTC_42f88.dir/build
Building C object CMakeFiles/cmTC_42f88.dir/src.c.o
/Library/Developer/CommandLineTools/usr/bin/clang   -DCMAKE_HAVE_LIBC_PTHREAD   -o CMakeFiles/cmTC_42f88.dir/src.c.o   -c /Users/rokzitko/common/delo/ljubljana/cmake/NRGLjubljana/build/CMakeFiles/CMakeTmp/src.c
Linking C executable cmTC_42f88
/usr/local/Cellar/cmake/3.15.4/bin/cmake -E cmake_link_script CMakeFiles/cmTC_42f88.dir/link.txt --verbose=1
/Library/Developer/CommandLineTools/usr/bin/clang  -DCMAKE_HAVE_LIBC_PTHREAD -Wl,-search_paths_first -Wl,-headerpad_max_install_names   CMakeFiles/cmTC_42f88.dir/src.c.o  -o cmTC_42f88 


Source file was:
#include <pthread.h>

void* test_func(void* data)
{
  return data;
}

int main(void)
{
  pthread_t thread;
  pthread_create(&thread, NULL, test_func, NULL);
  pthread_detach(thread);
  pthread_join(thread, NULL);
  pthread_atfork(NULL, NULL, NULL);
  pthread_exit(NULL);

  return 0;
}

Determining if the function dgemm_ exists passed with the following output:
Change Dir: /Users/rokzitko/common/delo/ljubljana/cmake/NRGLjubljana/build/CMakeFiles/CMakeTmp

Run Build Command(s):/usr/bin/make cmTC_e1f81/fast && /Library/Developer/CommandLineTools/usr/bin/make -f CMakeFiles/cmTC_e1f81.dir/build.make CMakeFiles/cmTC_e1f81.dir/build
Building C object CMakeFiles/cmTC_e1f81.dir/CheckFunctionExists.c.o
/Library/Developer/CommandLineTools/usr/bin/clang   -DCHECK_FUNCTION_EXISTS=dgemm_   -o CMakeFiles/cmTC_e1f81.dir/CheckFunctionExists.c.o   -c /usr/local/Cellar/cmake/3.15.4/share/cmake/Modules/CheckFunctionExists.c
Linking C executable cmTC_e1f81
/usr/local/Cellar/cmake/3.15.4/bin/cmake -E cmake_link_script CMakeFiles/cmTC_e1f81.dir/link.txt --verbose=1
/Library/Developer/CommandLineTools/usr/bin/clang  -DCHECK_FUNCTION_EXISTS=dgemm_ -Wl,-search_paths_first -Wl,-headerpad_max_install_names   CMakeFiles/cmTC_e1f81.dir/CheckFunctionExists.c.o  -o cmTC_e1f81 -framework Accelerate 



Determining if the function cheev_ exists passed with the following output:
Change Dir: /Users/rokzitko/common/delo/ljubljana/cmake/NRGLjubljana/build/CMakeFiles/CMakeTmp

Run Build Command(s):/usr/bin/make cmTC_5d882/fast && /Library/Developer/CommandLineTools/usr/bin/make -f CMakeFiles/cmTC_5d882.dir/build.make CMakeFiles/cmTC_5d882.dir/build
Building C object CMakeFiles/cmTC_5d882.dir/CheckFunctionExists.c.o
/Library/Developer/CommandLineTools/usr/bin/clang   -DCHECK_FUNCTION_EXISTS=cheev_   -o CMakeFiles/cmTC_5d882.dir/CheckFunctionExists.c.o   -c /usr/local/Cellar/cmake/3.15.4/share/cmake/Modules/CheckFunctionExists.c
Linking C executable cmTC_5d882
/usr/local/Cellar/cmake/3.15.4/bin/cmake -E cmake_link_script CMakeFiles/cmTC_5d882.dir/link.txt --verbose=1
/Library/Developer/CommandLineTools/usr/bin/clang  -DCHECK_FUNCTION_EXISTS=cheev_ -Wl,-search_paths_first -Wl,-headerpad_max_install_names   CMakeFiles/cmTC_5d882.dir/CheckFunctionExists.c.o  -o cmTC_5d882 -framework Accelerate 



